[    0.000000] Linux version 4.15.0-212-generic (buildd@lcy02-amd64-083) (gcc version 7.5.0 (Ubuntu 7.5.0-3ubuntu1~18.04)) #223-Ubuntu SMP Tue May 23 13:09:22 UTC 2023 (Ubuntu 4.15.0-212.223-generic 4.15.18)
[    0.000000] Command line: BOOT_IMAGE=/boot/vmlinuz-4.15.0-212-generic root=LABEL=cloudimg-rootfs ro console=tty1 console=ttyS0
[    0.000000] KERNEL supported cpus:
[    0.000000]   Intel GenuineIntel
[    0.000000]   AMD AuthenticAMD
[    0.000000]   Centaur CentaurHauls
[    0.000000] [Firmware Bug]: TSC doesn't count with P0 frequency!
[    0.000000] x86/fpu: x87 FPU will use FXSAVE
[    0.000000] e820: BIOS-provided physical RAM map:
[    0.000000] BIOS-e820: [mem 0x0000000000000000-0x000000000009fbff] usable
[    0.000000] BIOS-e820: [mem 0x000000000009fc00-0x000000000009ffff] reserved
[    0.000000] BIOS-e820: [mem 0x00000000000f0000-0x00000000000fffff] reserved
[    0.000000] BIOS-e820: [mem 0x0000000000100000-0x000000001ffeffff] usable
[    0.000000] BIOS-e820: [mem 0x000000001fff0000-0x000000001fffffff] ACPI data
[    0.000000] BIOS-e820: [mem 0x00000000fec00000-0x00000000fec00fff] reserved
[    0.000000] BIOS-e820: [mem 0x00000000fee00000-0x00000000fee00fff] reserved
[    0.000000] BIOS-e820: [mem 0x00000000fffc0000-0x00000000ffffffff] reserved
[    0.000000] NX (Execute Disable) protection: active
[    0.000000] SMBIOS 2.5 present.
[    0.000000] DMI: innotek GmbH VirtualBox/VirtualBox, BIOS VirtualBox 12/01/2006
[    0.000000] Hypervisor detected: KVM
[    0.000000] e820: last_pfn = 0x1fff0 max_arch_pfn = 0x400000000
[    0.000000] MTRR: Disabled
[    0.000000] x86/PAT: MTRRs disabled, skipping PAT initialization too.
[    0.000000] CPU MTRRs all blank - virtualized system.
[    0.000000] x86/PAT: Configuration [0-7]: WB  WT  UC- UC  WB  WT  UC- UC  
[    0.000000] found SMP MP-table at [mem 0x0009fff0-0x0009ffff]
[    0.000000] Scanning 1 areas for low memory corruption
[    0.000000] RAMDISK: [mem 0x1db01000-0x1ee12fff]
[    0.000000] ACPI: Early table checksum verification disabled
[    0.000000] ACPI: RSDP 0x00000000000E0000 000024 (v02 VBOX  )
[    0.000000] ACPI: XSDT 0x000000001FFF0030 00003C (v01 VBOX   VBOXXSDT 00000001 ASL  00000061)
[    0.000000] ACPI: FACP 0x000000001FFF00F0 0000F4 (v04 VBOX   VBOXFACP 00000001 ASL  00000061)
[    0.000000] ACPI: DSDT 0x000000001FFF0610 002353 (v02 VBOX   VBOXBIOS 00000002 INTL 20100528)
[    0.000000] ACPI: FACS 0x000000001FFF0200 000040
[    0.000000] ACPI: FACS 0x000000001FFF0200 000040
[    0.000000] ACPI: APIC 0x000000001FFF0240 000054 (v02 VBOX   VBOXAPIC 00000001 ASL  00000061)
[    0.000000] ACPI: SSDT 0x000000001FFF02A0 00036C (v01 VBOX   VBOXCPUT 00000002 INTL 20100528)
[    0.000000] ACPI: Reserving FACP table memory at [mem 0x1fff00f0-0x1fff01e3]
[    0.000000] ACPI: Reserving DSDT table memory at [mem 0x1fff0610-0x1fff2962]
[    0.000000] ACPI: Reserving FACS table memory at [mem 0x1fff0200-0x1fff023f]
[    0.000000] ACPI: Reserving FACS table memory at [mem 0x1fff0200-0x1fff023f]
[    0.000000] ACPI: Reserving APIC table memory at [mem 0x1fff0240-0x1fff0293]
[    0.000000] ACPI: Reserving SSDT table memory at [mem 0x1fff02a0-0x1fff060b]
[    0.000000] No NUMA configuration found
[    0.000000] Faking a node at [mem 0x0000000000000000-0x000000001ffeffff]
[    0.000000] NODE_DATA(0) allocated [mem 0x1ffc5000-0x1ffeffff]
[    0.000000] kvm-clock: cpu 0, msr 0:1ff44001, primary cpu clock
[    0.000000] kvm-clock: Using msrs 4b564d01 and 4b564d00
[    0.000000] kvm-clock: using sched offset of 69575956543 cycles
[    0.000000] clocksource: kvm-clock: mask: 0xffffffffffffffff max_cycles: 0x1cd42e4dffb, max_idle_ns: 881590591483 ns
[    0.000000] Zone ranges:
[    0.000000]   DMA      [mem 0x0000000000001000-0x0000000000ffffff]
[    0.000000]   DMA32    [mem 0x0000000001000000-0x000000001ffeffff]
[    0.000000]   Normal   empty
[    0.000000]   Device   empty
[    0.000000] Movable zone start for each node
[    0.000000] Early memory node ranges
[    0.000000]   node   0: [mem 0x0000000000001000-0x000000000009efff]
[    0.000000]   node   0: [mem 0x0000000000100000-0x000000001ffeffff]
[    0.000000] Reserved but unavailable: 104 pages
[    0.000000] Initmem setup node 0 [mem 0x0000000000001000-0x000000001ffeffff]
[    0.000000] ACPI: PM-Timer IO Port: 0x4008
[    0.000000] IOAPIC[0]: apic_id 1, version 32, address 0xfec00000, GSI 0-23
[    0.000000] ACPI: INT_SRC_OVR (bus 0 bus_irq 0 global_irq 2 dfl dfl)
[    0.000000] ACPI: INT_SRC_OVR (bus 0 bus_irq 9 global_irq 9 low level)
[    0.000000] Using ACPI (MADT) for SMP configuration information
[    0.000000] smpboot: Allowing 1 CPUs, 0 hotplug CPUs
[    0.000000] PM: Registered nosave memory: [mem 0x00000000-0x00000fff]
[    0.000000] PM: Registered nosave memory: [mem 0x0009f000-0x0009ffff]
[    0.000000] PM: Registered nosave memory: [mem 0x000a0000-0x000effff]
[    0.000000] PM: Registered nosave memory: [mem 0x000f0000-0x000fffff]
[    0.000000] e820: [mem 0x20000000-0xfebfffff] available for PCI devices
[    0.000000] Booting paravirtualized kernel on KVM
[    0.000000] clocksource: refined-jiffies: mask: 0xffffffff max_cycles: 0xffffffff, max_idle_ns: 7645519600211568 ns
[    0.000000] setup_percpu: NR_CPUS:8192 nr_cpumask_bits:1 nr_cpu_ids:1 nr_node_ids:1
[    0.000000] percpu: Embedded 50 pages/cpu s167936 r8192 d28672 u2097152
[    0.000000] PV qspinlock hash table entries: 256 (order: 0, 4096 bytes)
[    0.000000] Built 1 zonelists, mobility grouping on.  Total pages: 128889
[    0.000000] Policy zone: DMA32
[    0.000000] Kernel command line: BOOT_IMAGE=/boot/vmlinuz-4.15.0-212-generic root=LABEL=cloudimg-rootfs ro console=tty1 console=ttyS0
[    0.000000] Memory: 466748K/523832K available (12300K kernel code, 2477K rwdata, 4324K rodata, 2480K init, 2720K bss, 57084K reserved, 0K cma-reserved)
[    0.000000] SLUB: HWalign=64, Order=0-3, MinObjects=0, CPUs=1, Nodes=1
[    0.000000] ftrace: allocating 39508 entries in 155 pages
[    0.004000] Hierarchical RCU implementation.
[    0.004000] 	RCU restricting CPUs from NR_CPUS=8192 to nr_cpu_ids=1.
[    0.004000] 	Tasks RCU enabled.
[    0.004000] RCU: Adjusting geometry for rcu_fanout_leaf=16, nr_cpu_ids=1
[    0.004000] NR_IRQS: 524544, nr_irqs: 256, preallocated irqs: 16
[    0.004000] random: crng init done
[    0.004000] Console: colour VGA+ 80x25
[    0.004000] console [tty1] enabled
[    0.004000] console [ttyS0] enabled
[    0.004000] ACPI: Core revision 20170831
[    0.004000] ACPI: 2 ACPI AML tables successfully acquired and loaded
[    0.004000] APIC: Switch to symmetric I/O mode setup
[    0.004000] ..TIMER: vector=0x30 apic1=0 pin1=2 apic2=-1 pin2=-1
[    0.004005] tsc: Detected 4491.472 MHz processor
[    0.005534] Calibrating delay loop (skipped) preset value.. 8982.94 BogoMIPS (lpj=17965888)
[    0.008002] pid_max: default: 32768 minimum: 301
[    0.009445] Security Framework initialized
[    0.010732] Yama: becoming mindful.
[    0.012011] AppArmor: AppArmor initialized
[    0.013322] Dentry cache hash table entries: 65536 (order: 7, 524288 bytes)
[    0.015441] Inode-cache hash table entries: 32768 (order: 6, 262144 bytes)
[    0.016006] Mount-cache hash table entries: 1024 (order: 1, 8192 bytes)
[    0.020002] Mountpoint-cache hash table entries: 1024 (order: 1, 8192 bytes)
[    0.022683] CPU0: Hyper-Threading is disabled
[    0.024026] Last level iTLB entries: 4KB 512, 2MB 512, 4MB 256
[    0.025784] Last level dTLB entries: 4KB 3072, 2MB 3072, 4MB 1536, 1GB 0
[    0.028002] Spectre V1 : Mitigation: usercopy/swapgs barriers and __user pointer sanitization
[    0.030540] Spectre V2 : Mitigation: Retpolines
[    0.031948] Spectre V2 : Spectre v2 / SpectreRSB mitigation: Filling RSB on context switch
[    0.032001] Spectre V2 : Spectre v2 / SpectreRSB : Filling RSB on VMEXIT
[    0.039308] Freeing SMP alternatives memory: 36K
[    0.148164] smpboot: CPU0: AMD Ryzen 7 7700X 8-Core Processor (family: 0x19, model: 0x61, stepping: 0x2)
[    0.151214] Performance Events: PMU not available due to virtualization, using software events only.
[    0.152019] Hierarchical SRCU implementation.
[    0.156358] NMI watchdog: Perf event create on CPU 0 failed with -2
[    0.158484] NMI watchdog: Perf NMI watchdog permanently disabled
[    0.160020] smp: Bringing up secondary CPUs ...
[    0.161582] smp: Brought up 1 node, 1 CPU
[    0.164001] smpboot: Max logical packages: 1
[    0.165456] smpboot: Total of 1 processors activated (8982.94 BogoMIPS)
[    0.168055] devtmpfs: initialized
[    0.169307] x86/mm: Memory block size: 128MB
[    0.170809] evm: security.selinux
[    0.172002] evm: security.SMACK64
[    0.173018] evm: security.SMACK64EXEC
[    0.174363] evm: security.SMACK64TRANSMUTE
[    0.176001] evm: security.SMACK64MMAP
[    0.177108] evm: security.apparmor
[    0.178147] evm: security.ima
[    0.179075] evm: security.capability
[    0.180052] clocksource: jiffies: mask: 0xffffffff max_cycles: 0xffffffff, max_idle_ns: 7645041785100000 ns
[    0.182873] futex hash table entries: 256 (order: 2, 16384 bytes)
[    0.184023] pinctrl core: initialized pinctrl subsystem
[    0.185705] RTC time:  9:53:26, date: 07/12/23
[    0.188062] NET: Registered protocol family 16
[    0.189428] audit: initializing netlink subsys (disabled)
[    0.191097] cpuidle: using governor ladder
[    0.192001] cpuidle: using governor menu
[    0.194037] audit: type=2000 audit(1689155677.313:1): state=initialized audit_enabled=0 res=1
[    0.196020] ACPI: bus type PCI registered
[    0.197226] acpiphp: ACPI Hot Plug PCI Controller Driver version: 0.5
[    0.200127] PCI: Using configuration type 1 for base access
[    0.201765] PCI: Using configuration type 1 for extended access
[    0.204000] HugeTLB registered 2.00 MiB page size, pre-allocated 0 pages
[    0.204071] ACPI: Added _OSI(Module Device)
[    0.205332] ACPI: Added _OSI(Processor Device)
[    0.208002] ACPI: Added _OSI(3.0 _SCP Extensions)
[    0.209426] ACPI: Added _OSI(Processor Aggregator Device)
[    0.211009] ACPI: Added _OSI(Linux-Dell-Video)
[    0.212008] ACPI: Added _OSI(Linux-Lenovo-NV-HDMI-Audio)
[    0.213563] ACPI: Added _OSI(Linux-HPI-Hybrid-Graphics)
[    0.216303] ACPI: Executed 1 blocks of module-level executable AML code
[    0.219555] ACPI: Interpreter enabled
[    0.220007] ACPI: (supports S0 S5)
[    0.221072] ACPI: Using IOAPIC for interrupt routing
[    0.224142] PCI: Using host bridge windows from ACPI; if necessary, use "pci=nocrs" and report a bug
[    0.226861] ACPI: Enabled 2 GPEs in block 00 to 07
[    0.231177] ACPI: PCI Root Bridge [PCI0] (domain 0000 [bus 00-ff])
[    0.232004] acpi PNP0A03:00: _OSC: OS supports [ExtendedConfig ASPM ClockPM Segments MSI]
[    0.236524] acpi PNP0A03:00: _OSC: platform does not support [PCIeCapability]
[    0.238845] acpi PNP0A03:00: _OSC: not requesting control; platform does not support [PCIeCapability]
[    0.240006] acpi PNP0A03:00: _OSC: OS requested [PCIeHotplug PME AER PCIeCapability]
[    0.244001] acpi PNP0A03:00: _OSC: platform willing to grant [PCIeHotplug PME AER]
[    0.246202] acpi PNP0A03:00: _OSC failed (AE_SUPPORT); disabling ASPM
[    0.248243] PCI host bridge to bus 0000:00
[    0.249481] pci_bus 0000:00: root bus resource [io  0x0000-0x0cf7 window]
[    0.251482] pci_bus 0000:00: root bus resource [io  0x0d00-0xffff window]
[    0.252002] pci_bus 0000:00: root bus resource [mem 0x000a0000-0x000bffff window]
[    0.256001] pci_bus 0000:00: root bus resource [mem 0x20000000-0xfdffffff window]
[    0.258178] pci_bus 0000:00: root bus resource [bus 00-ff]
[    0.262065] pci 0000:00:01.1: legacy IDE quirk: reg 0x10: [io  0x01f0-0x01f7]
[    0.264000] pci 0000:00:01.1: legacy IDE quirk: reg 0x14: [io  0x03f6]
[    0.264001] pci 0000:00:01.1: legacy IDE quirk: reg 0x18: [io  0x0170-0x0177]
[    0.268001] pci 0000:00:01.1: legacy IDE quirk: reg 0x1c: [io  0x0376]
[    0.277519] pci 0000:00:07.0: quirk: [io  0x4000-0x403f] claimed by PIIX4 ACPI
[    0.279654] pci 0000:00:07.0: quirk: [io  0x4100-0x410f] claimed by PIIX4 SMB
[    0.285335] ACPI: PCI Interrupt Link [LNKA] (IRQs 5 9 10 *11)
[    0.287207] ACPI: PCI Interrupt Link [LNKB] (IRQs 5 9 *10 11)
[    0.288076] ACPI: PCI Interrupt Link [LNKC] (IRQs 5 *9 10 11)
[    0.289846] ACPI: PCI Interrupt Link [LNKD] (IRQs 5 9 10 *11)
[    0.292213] SCSI subsystem initialized
[    0.293414] pci 0000:00:02.0: vgaarb: setting as boot VGA device
[    0.295182] pci 0000:00:02.0: vgaarb: VGA device added: decodes=io+mem,owns=io+mem,locks=none
[    0.296002] pci 0000:00:02.0: vgaarb: bridge control possible
[    0.300001] vgaarb: loaded
[    0.300881] ACPI: bus type USB registered
[    0.302096] usbcore: registered new interface driver usbfs
[    0.304005] usbcore: registered new interface driver hub
[    0.305575] usbcore: registered new device driver usb
[    0.307098] EDAC MC: Ver: 3.0.0
[    0.308258] PCI: Using ACPI for IRQ routing
[    0.309794] NetLabel: Initializing
[    0.310837] NetLabel:  domain hash size = 128
[    0.312001] NetLabel:  protocols = UNLABELED CIPSOv4 CALIPSO
[    0.313704] NetLabel:  unlabeled traffic allowed by default
[    0.315396] clocksource: Switched to clocksource kvm-clock
[    0.324123] VFS: Disk quotas dquot_6.6.0
[    0.330303] VFS: Dquot-cache hash table entries: 512 (order 0, 4096 bytes)
[    0.332597] AppArmor: AppArmor Filesystem Enabled
[    0.334049] pnp: PnP ACPI init
[    0.335601] pnp: PnP ACPI: found 3 devices
[    0.342630] clocksource: acpi_pm: mask: 0xffffff max_cycles: 0xffffff, max_idle_ns: 2085701024 ns
[    0.345368] NET: Registered protocol family 2
[    0.346808] IP idents hash table entries: 8192 (order: 4, 65536 bytes)
[    0.348945] TCP established hash table entries: 4096 (order: 3, 32768 bytes)
[    0.351036] TCP bind hash table entries: 4096 (order: 4, 65536 bytes)
[    0.353229] TCP: Hash tables configured (established 4096 bind 4096)
[    0.355209] UDP hash table entries: 256 (order: 1, 8192 bytes)
[    0.356999] UDP-Lite hash table entries: 256 (order: 1, 8192 bytes)
[    0.359318] NET: Registered protocol family 1
[    0.360679] pci 0000:00:00.0: Limiting direct PCI/PCI transfers
[    0.362445] pci 0000:00:01.0: Activating ISA DMA hang workarounds
[    0.364391] pci 0000:00:02.0: Video device with shadowed ROM at [mem 0x000c0000-0x000dffff]
[    0.367339] Unpacking initramfs...
[    0.568092] Freeing initrd memory: 19528K
[    0.569527] clocksource: tsc: mask: 0xffffffffffffffff max_cycles: 0x40bdf03ca93, max_idle_ns: 440795295298 ns
[    0.572566] platform rtc_cmos: registered platform RTC device (no PNP device found)
[    0.574952] Scanning for low memory corruption every 60 seconds
[    0.577117] Initialise system trusted keyrings
[    0.578608] Key type blacklist registered
[    0.580078] workingset: timestamp_bits=36 max_order=17 bucket_order=0
[    0.582944] zbud: loaded
[    0.584016] squashfs: version 4.0 (2009/01/31) Phillip Lougher
[    0.586090] fuse init (API version 7.26)
[    0.588144] Key type asymmetric registered
[    0.589466] Asymmetric key parser 'x509' registered
[    0.590949] Block layer SCSI generic (bsg) driver version 0.4 loaded (major 246)
[    0.593229] io scheduler noop registered
[    0.594467] io scheduler deadline registered
[    0.595763] io scheduler cfq registered (default)
[    0.597440] ACPI: AC Adapter [AC] (on-line)
[    0.598749] input: Power Button as /devices/LNXSYSTM:00/LNXPWRBN:00/input/input0
[    0.601101] ACPI: Power Button [PWRF]
[    0.602288] input: Sleep Button as /devices/LNXSYSTM:00/LNXSLPBN:00/input/input1
[    0.604509] ACPI: Sleep Button [SLPF]
[    0.605828] Serial: 8250/16550 driver, 32 ports, IRQ sharing enabled
[    0.630194] 00:02: ttyS0 at I/O 0x3f8 (irq = 4, base_baud = 115200) is a 16550A
[    0.633565] Linux agpgart interface v0.103
[    0.636292] loop: module loaded
[    0.637925] scsi host0: ata_piix
[    0.639028] scsi host1: ata_piix
[    0.640196] ata1: PATA max UDMA/33 cmd 0x1f0 ctl 0x3f6 bmdma 0xd000 irq 14
[    0.642283] ata2: PATA max UDMA/33 cmd 0x170 ctl 0x376 bmdma 0xd008 irq 15
[    0.645034] tun: Universal TUN/TAP device driver, 1.6
[    0.646572] PPP generic driver version 2.4.2
[    0.647922] ehci_hcd: USB 2.0 'Enhanced' Host Controller (EHCI) Driver
[    0.649917] ehci-pci: EHCI PCI platform driver
[    0.651281] ehci-platform: EHCI generic platform driver
[    0.652881] ohci_hcd: USB 1.1 'Open' Host Controller (OHCI) Driver
[    0.654688] ohci-pci: OHCI PCI platform driver
[    0.656079] ohci-platform: OHCI generic platform driver
[    0.657637] uhci_hcd: USB Universal Host Controller Interface driver
[    0.659525] i8042: PNP: PS/2 Controller [PNP0303:PS2K,PNP0f03:PS2M] at 0x60,0x64 irq 1,12
[    0.663213] serio: i8042 KBD port at 0x60,0x64 irq 1
[    0.664766] serio: i8042 AUX port at 0x60,0x64 irq 12
[    0.666305] mousedev: PS/2 mouse device common for all mice
[    0.668459] input: AT Translated Set 2 keyboard as /devices/platform/i8042/serio0/input/input2
[    0.671677] rtc_cmos rtc_cmos: rtc core: registered rtc_cmos as rtc0
[    0.673787] rtc_cmos rtc_cmos: alarms up to one day, 114 bytes nvram
[    0.675636] i2c /dev entries driver
[    0.676794] device-mapper: uevent: version 1.0.3
[    0.678192] device-mapper: ioctl: 4.37.0-ioctl (2017-09-20) initialised: dm-devel@redhat.com
[    0.680798] ledtrig-cpu: registered to indicate activity on CPUs
[    0.682701] NET: Registered protocol family 10
[    0.685618] Segment Routing with IPv6
[    0.686792] NET: Registered protocol family 17
[    0.688188] Key type dns_resolver registered
[    0.689505] mce: Using 0 MCE banks
[    0.690566] RAS: Correctable Errors collector initialized.
[    0.692306] sched_clock: Marking stable (692275999, 0)->(918254338, -225978339)
[    0.694509] registered taskstats version 1
[    0.695754] Loading compiled-in X.509 certificates
[    0.698174] Loaded X.509 cert 'Build time autogenerated kernel key: b5b26778eaa3ab3a4a6cee031137706e947d12ad'
[    0.701429] Loaded X.509 cert 'Canonical Ltd. Live Patch Signing: 14df34d1a87cf37625abec039ef2bf521249b969'
[    0.704544] Loaded X.509 cert 'Canonical Ltd. Kernel Module Signing: 88f752e560a1e0737e31163a466ad7b70a850c19'
[    0.707418] blacklist: Loading compiled-in revocation X.509 certificates
[    0.709430] Loaded X.509 cert 'Canonical Ltd. Secure Boot Signing: 61482aa2830d0ab2ad5af10b7250da9033ddcef0'
[    0.712310] Loaded X.509 cert 'Canonical Ltd. Secure Boot Signing (2017): 242ade75ac4a15e50d50c84b0d45ff3eae707a03'
[    0.715311] Loaded X.509 cert 'Canonical Ltd. Secure Boot Signing (ESM 2018): 365188c1d374d6b07c3c8f240f8ef722433d6a8b'
[    0.718504] Loaded X.509 cert 'Canonical Ltd. Secure Boot Signing (2019): c0746fd6c5da3ae827864651ad66ae47fe24b3e8'
[    0.721695] Loaded X.509 cert 'Canonical Ltd. Secure Boot Signing (2021 v1): a8d54bbb3825cfb94fa13c9f8a594a195c107b8d'
[    0.724846] Loaded X.509 cert 'Canonical Ltd. Secure Boot Signing (2021 v2): 4cf046892d6fd3c9a5b03f98d845f90851dc6a8c'
[    0.727975] Loaded X.509 cert 'Canonical Ltd. Secure Boot Signing (2021 v3): 100437bb6de6e469b581e61cd66bce3ef4ed53af'
[    0.731126] Loaded X.509 cert 'Canonical Ltd. Secure Boot Signing (Ubuntu Core 2019): c1d57b8f6b743f23ee41f4f7ee292f06eecadfb9'
[    0.734555] zswap: loaded using pool lzo/zbud
[    0.737233] Key type big_key registered
[    0.738413] Key type trusted registered
[    0.740370] Key type encrypted registered
[    0.741601] AppArmor: AppArmor sha1 policy hashing enabled
[    0.743205] ima: No TPM chip found, activating TPM-bypass! (rc=-19)
[    0.745130] ima: Allocated hash algorithm: sha1
[    0.746521] evm: HMAC attrs: 0x1
[    0.747771]   Magic number: 15:200:879
[    0.749109] rtc_cmos rtc_cmos: setting system clock to 2023-07-12 09:53:27 UTC (1689155607)
[    0.751565] BIOS EDD facility v0.16 2004-Jun-25, 0 devices found
[    0.753372] EDD information not available.
[    0.836561] Freeing unused kernel image memory: 2480K
[    0.844260] Write protecting the kernel read-only data: 20480k
[    0.846147] Freeing unused kernel image memory: 2008K
[    0.847839] Freeing unused kernel image memory: 1820K
[    0.851665] x86/mm: Checked W+X mappings: passed, no W+X pages found.
Loading, please wait...
starting version 237
[    0.900439] e1000: Intel(R) PRO/1000 Network Driver - version 7.3.21-k8-NAPI
[    0.902751] e1000: Copyright (c) 1999-2006 Intel Corporation.
[    0.907340] Fusion MPT base driver 3.04.20
[    0.909336] Copyright (c) 1999-2008 LSI Corporation
[    0.918195] Fusion MPT SPI Host driver 3.04.20
[    0.926794] SSE version of gcm_enc/dec engaged.
[    1.129132] input: ImExPS/2 Generic Explorer Mouse as /devices/platform/i8042/serio1/input/input4
[    1.368952] e1000 0000:00:03.0 eth0: (PCI:33MHz:32-bit) 02:3b:7b:b7:3b:2d
[    1.371297] e1000 0000:00:03.0 eth0: Intel(R) PRO/1000 Network Connection
[    1.373847] mptbase: ioc0: Initiating bringup
[    1.481684] ioc0: LSI53C1030 A0: Capabilities={Initiator}
[    1.726648] scsi host2: ioc0: LSI53C1030 A0, FwRev=00000000h, Ports=1, MaxQ=256, IRQ=20
[    1.897041] scsi 2:0:0:0: Direct-Access     VBOX     HARDDISK         1.0  PQ: 0 ANSI: 5
[    1.899593] scsi target2:0:0: Beginning Domain Validation
[    1.904340] scsi target2:0:0: Domain Validation skipping write tests
[    1.906246] scsi target2:0:0: Ending Domain Validation
[    1.907897] scsi target2:0:0: asynchronous
[    1.909840] scsi 2:0:1:0: Direct-Access     VBOX     HARDDISK         1.0  PQ: 0 ANSI: 5
[    1.912480] scsi target2:0:1: Beginning Domain Validation
[    1.916719] scsi target2:0:1: Domain Validation skipping write tests
[    1.918583] scsi target2:0:1: Ending Domain Validation
[    1.920663] scsi target2:0:1: asynchronous
[    1.926239] sd 2:0:0:0: [sda] 83886080 512-byte logical blocks: (42.9 GB/40.0 GiB)
[    1.928717] sd 2:0:0:0: [sda] Write Protect is off
[    1.930332] sd 2:0:0:0: Attached scsi generic sg0 type 0
[    1.932099] sd 2:0:0:0: [sda] Incomplete mode parameter data
[    1.933777] sd 2:0:0:0: [sda] Assuming drive cache: write through
[    1.936162] sd 2:0:1:0: [sdb] 20480 512-byte logical blocks: (10.5 MB/10.0 MiB)
[    1.943254] sd 2:0:1:0: [sdb] Write Protect is off
[    1.944817] sd 2:0:1:0: Attached scsi generic sg1 type 0
[    1.946660] sd 2:0:1:0: [sdb] Incomplete mode parameter data
[    1.948379] sd 2:0:1:0: [sdb] Assuming drive cache: write through
[    1.966980]  sda: sda1
[    1.968925] sd 2:0:1:0: [sdb] Attached SCSI disk
[    1.980768] sd 2:0:0:0: [sda] Attached SCSI disk
[    2.353948] e1000 0000:00:08.0 eth1: (PCI:33MHz:32-bit) 08:00:27:00:0f:df
[    2.356212] e1000 0000:00:08.0 eth1: Intel(R) PRO/1000 Network Connection
[    2.358854] e1000 0000:00:08.0 enp0s8: renamed from eth1
[    2.361395] e1000 0000:00:03.0 enp0s3: renamed from eth0
Begin: Loading essential drivers ... [    3.780389] raid6: sse2x1   gen()  9568 MB/s
[    3.832038] raid6: sse2x1   xor() 15355 MB/s
[    3.884059] raid6: sse2x2   gen() 18047 MB/s
[    3.936021] raid6: sse2x2   xor() 20120 MB/s
[    3.988031] raid6: sse2x4   gen() 29398 MB/s
[    4.048814] raid6: sse2x4   xor() 10133 MB/s
[    4.050230] raid6: using algorithm sse2x4 gen() 29398 MB/s
[    4.052056] raid6: .... xor() 10133 MB/s, rmw enabled
[    4.053584] raid6: using ssse3x2 recovery algorithm
[    4.056033] xor: measuring software checksum speed
[    4.162906]    prefetch64-sse: 65573.000 MB/sec
[    4.266265]    generic_sse: 63245.000 MB/sec
[    4.268039] xor: using function: prefetch64-sse (65573.000 MB/sec)
[    4.270765] async_tx: api initialized (async)
done.
Begin: Running /scripts/init-premount ... done.
Begin: Mounting root file system ... Begin: Running /scripts/local-top ... done.
Begin: Running /scripts/local-premount ... [    4.297714] Btrfs loaded, crc32c=crc32c-intel
Scanning for Btrfs filesystems
done.
Warning: fsck not present, so skipping root file system
[    4.319124] EXT4-fs (sda1): mounted filesystem with ordered data mode. Opts: (null)
done.
Begin: Running /scripts/local-bottom ... done.
Begin: Running /scripts/init-bottom ... done.
[    4.450497] ip_tables: (C) 2000-2006 Netfilter Core Team
[    4.460815] systemd[1]: systemd 237 running in system mode. (+PAM +AUDIT +SELINUX +IMA +APPARMOR +SMACK +SYSVINIT +UTMP +LIBCRYPTSETUP +GCRYPT +GNUTLS +ACL +XZ +LZ4 +SECCOMP +BLKID +ELFUTILS +KMOD -IDN2 +IDN -PCRE2 default-hierarchy=hybrid)
[    4.467038] systemd[1]: Detected virtualization oracle.
[    4.468645] systemd[1]: Detected architecture x86-64.

Welcome to [1mUbuntu 18.04.6 LTS[0m!

[    4.472896] systemd[1]: Set hostname to <ubuntu>.
[    4.476833] systemd[1]: Initializing machine ID from random generator.
[    4.478742] systemd[1]: Installed transient /etc/machine-id file.
[    4.632948] systemd[1]: Reached target Mounting snaps.
[[0;32m  OK  [0m] Reached target Mounting snaps.
[    4.636137] systemd[1]: Created slice User and Session Slice.
[[0;32m  OK  [0m] Created slice User and Session Slice.
[    4.639321] systemd[1]: Reached target Swap.
[[0;32m  OK  [0m] Reached target Swap.
[    4.642199] systemd[1]: Set up automount Arbitrary Executable File Formats File System Automount Point.
[[0;32m  OK  [0m] Set up automount Arbitrary Executab…rmats File System Automount Point.
[[0;32m  OK  [0m] Reached target Mounted snaps.
[[0;32m  OK  [0m] Reached target User and Group Name Lookups.
[[0;32m  OK  [0m] Started Forward Password Requests to Wall Directory Watch.
[[0;32m  OK  [0m] Created slice System Slice.
[[0;32m  OK  [0m] Listening on udev Control Socket.
[[0;32m  OK  [0m] Reached target Slices.
[[0;32m  OK  [0m] Listening on Network Service Netlink Socket.
[[0;32m  OK  [0m] Listening on Journal Audit Socket.
[[0;32m  OK  [0m] Listening on fsck to fsckd communication Socket.
[[0;32m  OK  [0m] Listening on Syslog Socket.
[[0;32m  OK  [0m] Listening on Device-mapper event daemon FIFOs.
[[0;32m  OK  [0m] Listening on Journal Socket (/dev/log).
[[0;32m  OK  [0m] Listening on Journal Socket.
         Starting Load Kernel Modules...
         Mounting POSIX Message Queue File System...
         Starting Uncomplicated firewall...
         Starting Create list of required st…ce nodes for the current kernel...
[[0;32m  OK  [0m] Listening on LVM2 metadata daemon socket.
         Starting Monitoring of LVM2 mirrors…ng dmeventd or progress polling...
         Starting Journal Service...
         Starting File System Check on Root Device...
[[0;32m  OK  [0m] Listening on /dev/initctl Compatibility Named Pipe.[    4.686139] Loading iSCSI transport class v2.0-870.

         Starting Set the console keyboard layout...
[[0;32m  OK  [0m[    4.692163] iscsi: registered transport (tcp)
] Listening on LVM2 poll daemon socket.
[[0;32m  OK  [0m] Reached target System Time Synchronized.
[[0;32m  OK  [0m] Created slice system-serial\x2dgetty.slice.
         Mounting Kernel Debug File System...
         Mounting Huge Pages File System...
[[0;32m  OK  [0m] Listening on udev Kernel Socket.
         Starting udev Coldplug all Devices...
[    4.709567] iscsi: registered transport (iser)
[[0;32m  OK  [0m] Started Load Kernel Modules.
         Starting Apply Kernel Variables...
         Mounting FUSE Control File System...
         Mounting Kernel Configuration File System...
[[0;32m  OK  [0m] Started Uncomplicated firewall.
[[0;32m  OK  [0m] Started Create list of required sta…vice nodes for the current kernel.
         Starting Create Static Device Nodes in /dev...
[[0;32m  OK  [0m] Started LVM2 metadata daemon.
[[0;32m  OK  [0m] Started Journal Service.
[[0;32m  OK  [0m] Started File System Check Daemon to report status.
[[0;32m  OK  [0m] Mounted POSIX Message Queue File System.
[[0;32m  OK  [0m] Mounted Kernel Debug File System.
[[0;32m  OK  [0m] Mounted FUSE Control File System.
[[0;32m  OK  [0m] Mounted Huge Pages File System.
[[0;32m  OK  [0m] Mounted Kernel Configuration File System.
[[0;32m  OK  [0m] Started udev Coldplug all Devices.
[[0;32m  OK  [0m] Started Create Static Device Nodes in /dev.
[[0;32m  OK  [0m] Started File System Check on Root Device.
         Starting Remount Root and Kernel File Systems...
[[0;32m  OK  [0m] Started Apply Kernel Variables.
[[0;32m  OK  [0m] Started Monitoring of LVM2 mirrors,…sing dmeventd or progress polling.
[[0;32m  OK  [0m] Started Remount Root and Kernel File Systems.
         Starting Flush Journal to Persistent Storage...
         Starting udev Kernel Device Manager...
         Starting Load/Save Random Seed...
[[0;32m  OK  [0m] Started Load/Save Random Seed.
[[0;32m  OK  [0m] Started udev Kernel Device Manager.
[[0;32m  OK  [0m] Started Flush Journal to Persistent Storage.
[[0;32m  OK  [0m] Found device /dev/ttyS0.
[[0;32m  OK  [0m] Listening on Load/Save RF Kill Switch Status /dev/rfkill Watch.
[[0;32m  OK  [0m] Started Set the console keyboard layout.
[[0;32m  OK  [0m] Started Dispatch Password Requests to Console Directory Watch.
[[0;32m  OK  [0m] Reached target Local Encrypted Volumes.
[[0;32m  OK  [0m] Reached target Local File Systems (Pre).
[[0;32m  OK  [0m] Reached target Local File Systems.
         Starting Tell Plymouth To Write Out Runtime Data...
         Starting Set console font and keymap...
         Starting Commit a transient machine-id on disk...
         Starting ebtables ruleset management...
         Starting AppArmor initialization...
         Starting Create Volatile Files and Directories...
[[0;32m  OK  [0m] Started Tell Plymouth To Write Out Runtime Data.
[[0;32m  OK  [0m] Started Commit a transient machine-id on disk.
[[0;32m  OK  [0m] Started Create Volatile Files and Directories.
         Starting Update UTMP about System Boot/Shutdown...
[[0;32m  OK  [0m] Started Update UTMP about System Boot/Shutdown.
[[0;32m  OK  [0m] Started ebtables ruleset management.
         Mounting Arbitrary Executable File Formats File System...
[[0;32m  OK  [0m] Mounted Arbitrary Executable File Formats File System.
[[0;32m  OK  [0m] Started AppArmor initialization.
         Starting Load AppArmor profiles managed internally by snapd...
         Starting Initial cloud-init job (pre-networking)...
[[0;32m  OK  [0m] Started Load AppArmor profiles managed internally by snapd.
[[0;32m  OK  [0m] Started Set console font and keymap.
[    7.056503] cloud-init[760]: Cloud-init v. 23.1.2-0ubuntu0~18.04.1 running 'init-local' at Wed, 12 Jul 2023 09:53:33 +0000. Up 6.90 seconds.
[[0;32m  OK  [0m] Started Initial cloud-init job (pre-networking).
[[0;32m  OK  [0m] Reached target Network (Pre).
         Starting Network Service...
[[0;32m  OK  [0m] Started Network Service.
         Starting Network Name Resolution...
         Starting Wait for Network to be Configured...
[[0;32m  OK  [0m] Started Network Name Resolution.
[[0;32m  OK  [0m] Reached target Host and Network Name Lookups.
[[0;32m  OK  [0m] Reached target Network.
[[0;32m  OK  [0m] Started Wait for Network to be Configured.
         Starting Initial cloud-init job (metadata service crawler)...
[    9.035974] cloud-init[869]: Cloud-init v. 23.1.2-0ubuntu0~18.04.1 running 'init' at Wed, 12 Jul 2023 09:53:35 +0000. Up 8.98 seconds.
[    9.038717] cloud-init[869]: ci-info: ++++++++++++++++++++++++++++++++++++++Net device info+++++++++++++++++++++++++++++++++++++++
[    9.043442] cloud-init[869]: ci-info: +--------+-------+----------------------------+---------------+--------+-------------------+
[    9.047469] cloud-init[869]: ci-info: | Device |   Up  |          Address           |      Mask     | Scope  |     Hw-Address    |
[    9.052155] cloud-init[869]: ci-info: +--------+-------+----------------------------+---------------+--------+-------------------+
[    9.055114] cloud-init[869]: ci-info: | enp0s3 |  True |         10.0.2.15          | 255.255.255.0 | global | 02:3b:7b:b7:3b:2d |
[    9.061337] cloud-init[869]: ci-info: | enp0s3 |  True | fe80::3b:7bff:feb7:3b2d/64 |       .       |  link  | 02:3b:7b:b7:3b:2d |
[    9.066778] cloud-init[869]: ci-info: | enp0s8 | False |             .              |       .       |   .    | 08:00:27:00:0f:df |
[    9.070372] cloud-init[869]: ci-info: |   lo   |  True |         127.0.0.1          |   255.0.0.0   |  host  |         .         |
[    9.075656] cloud-init[869]: ci-info: |   lo   |  True |          ::1/128           |       .       |  host  |         .         |
[    9.077744] cloud-init[869]: ci-info: +--------+-------+----------------------------+---------------+--------+-------------------+
[    9.083361] cloud-init[869]: ci-info: ++++++++++++++++++++++++++++Route IPv4 info+++++++++++++++++++++++++++++
[    9.086223] cloud-init[869]: ci-info: +-------+-------------+----------+-----------------+-----------+-------+
[    9.089332] cloud-init[869]: ci-info: | Route | Destination | Gateway  |     Genmask     | Interface | Flags |
[    9.096329] cloud-init[869]: ci-info: +-------+-------------+----------+-----------------+-----------+-------+
[    9.098983] cloud-init[869]: ci-info: |   0   |   0.0.0.0   | 10.0.2.2 |     0.0.0.0     |   enp0s3  |   UG  |
[    9.101624] cloud-init[869]: ci-info: |   1   |   10.0.2.0  | 0.0.0.0  |  255.255.255.0  |   enp0s3  |   U   |
[    9.104813] cloud-init[869]: ci-info: |   2   |   10.0.2.2  | 0.0.0.0  | 255.255.255.255 |   enp0s3  |   UH  |
[    9.107623] cloud-init[869]: ci-info: +-------+-------------+----------+-----------------+-----------+-------+
[    9.115412] cloud-init[869]: ci-info: +++++++++++++++++++Route IPv6 info+++++++++++++++++++
[    9.118670] cloud-init[869]: ci-info: +-------+-------------+---------+-----------+-------+
[    9.123105] cloud-init[869]: ci-info: | Route | Destination | Gateway | Interface | Flags |
[    9.126668] cloud-init[869]: ci-info: +-------+-------------+---------+-----------+-------+
[    9.130238] cloud-init[869]: ci-info: |   1   |  fe80::/64  |    ::   |   enp0s3  |   U   |
[    9.137441] cloud-init[869]: ci-info: |   3   |    local    |    ::   |   enp0s3  |   U   |
[    9.141776] cloud-init[869]: ci-info: |   4   |   ff00::/8  |    ::   |   enp0s3  |   U   |
[    9.143796] cloud-init[869]: ci-info: +-------+-------------+---------+-----------+-------+
[    9.536486] cloud-init[869]: Generating public/private rsa key pair.
[    9.538217] cloud-init[869]: Your identification has been saved in /etc/ssh/ssh_host_rsa_key.
[    9.548277] cloud-init[869]: Your public key has been saved in /etc/ssh/ssh_host_rsa_key.pub.
[    9.549987] cloud-init[869]: The key fingerprint is:
[    9.551400] cloud-init[869]: SHA256:Z4PfgMB6EWLIEfd3cozCZ4bfTNUtg1HFm+aQwFMXIf0 root@ubuntu-bionic
[    9.553501] cloud-init[869]: The key's randomart image is:
[    9.554859] cloud-init[869]: +---[RSA 2048]----+
[    9.568933] cloud-init[869]: | .o++ .   . +BoB+|
[    9.570359] cloud-init[869]: |  oo = o o =. *.o|
[    9.572120] cloud-init[869]: |      O B = o .o+|
[    9.573432] cloud-init[869]: |     . X X   o +E|
[    9.574740] cloud-init[869]: |    . . S B   +  |
[    9.576018] cloud-init[869]: |     .   + +   . |
[    9.577374] cloud-init[869]: |          . .    |
[    9.579063] cloud-init[869]: |                 |
[    9.581348] cloud-init[869]: |                 |
[[0;32m  OK  [0m] Started Initial cloud-init job (metadata service crawler).
[[0;32m  OK  [0m] Reached target System Initialization.
[    9.586417] cloud-init[869]: +----[SHA256]-----+
[[0;32m  OK  [0m] Started Daily Cleanup of Temporary Directories.
[    9.589315] cloud-init[869]: Generating public/private dsa key pair.
[[0;32m  OK  [0m] Started Discard unused blocks once a week.
[[0;32m  OK  [0m] Listening on ACPID Listen Socket.
[    9.597202] [[0;32m  OK  [0m] Started ACPI Events Check.
[[0;32m  OK  [0m] Listening on UUID daemon activation socket.cloud-init[869]: Your identification has been saved in /etc/ssh/ssh_host_dsa_key.
[    9.602134] cloud-init[869]: Your public key has been saved in /etc/ssh/ssh_host_dsa_key.pub.
[    9.603761] 
[[0;32m  OK  [0m] Started Message of the Day.
         Starting LXD - unix socket.
         Starting Socket activation for snappy daemon.cloud-init[869]: The key fingerprint is:
[    9.609489] cloud-init[869]: SHA256:7fjiKqLh7x0yOT7/NRgmp2bj02QYdYvxOeWWpFsAkTk root@ubuntu-bionic
[    9.611202] cloud-init[869]: The key's randomart image is:
[[0;32m  OK  [0m] Reached target Paths.
[[0;32m  OK  [0m] Listening on D-Bus System Message Bus Socket.
[[0;32m  OK  [0m] Started Ubuntu Advantage Timer for running repeated jobs.
[[0;32m  OK  [0m] Listening on cloud-init hotplug hook socket.
[[0;32m  OK  [0m] Listening on Open-iSCSI iscsid Socket.
[[0;32m  OK  [0m
[    9.624560] cloud-init[869]: +---[DSA 1024]----+
[    9.626410] cloud-init[869]: |       o=        |
[    9.627671] ] Started Daily apt download activities.
[[0;32m  OK  [0m] Started Daily apt upgrade and clean activities.
[[0;32m  OK  [0m] Reached target Timers.
[cloud-init[869]: |       E o o     |
[    9.633593] cloud-init[869]: |      . * O .    |
[    9.634843] cloud-init[869]: |     . . B =     |
[0;32m  OK  [0m] Reached target Cloud-config availability.
[[0;32m  OK  [0m] Reached target Network is Online.
[    9.639172] cloud-init[869]:          Starting Availability of block devices...
[[0;32m  OK  [0m] Reached target Remote File Systems (Pre).
[[0;32m  OK  [0m] Reached target Remote File Systems.|     .o+S *      |
[    9.644780] cloud-init[869]: |    ..=oo+       |
[    9.646041] cloud-init[869]: |.  = *+..o.      |
[    9.647365] cloud-init[869]: 
[[0;32m  OK  [0m] Listening on LXD - unix socket.
[[0;32m  OK  [0m] Listening on Socket activation for snappy daemon.
[[0;32m  OK  [0m] Reached target Sockets.|..o.X.o.o..      |
[    9.657029] cloud-init[869]: |.oo=o=++...      |
[    9.658346] cloud-init[869]: +----[SHA256]-----+
[    9.659619] cloud-init
[[0;32m  OK  [0m] Reached target Basic System.
[[0;32m  OK  [0m] Reached target Login Prompts (Pre).
[[0;32m  OK  [0m] Started Deferred execution scheduler.
[869]: Generating public/private ecdsa key pair.
         Starting Permit User Sessions...
[    9.673283] cloud-init[869]: Your identification has been saved in /etc/ssh/ssh_host_ecdsa_key.
[    9.675859] cloud-init[869]: Your public key has been saved in /etc/ssh/ssh_host_ecdsa_key.pub.
[    9.677924] cloud-init         Starting Dispatcher daemon for systemd-networkd...
[[0;32m  OK  [0m] Started irqbalance daemon.
         Starting System Logging Service...
         Starting LSB: Record successful boot for GRUB...
         Starting LSB: automatic crash report generation...
[[0;32m  OK  [0m] Started FUSE filesystem for LXC.
[869]: The key fingerprint is:[[0;32m  OK  [0m] Started Regular background program processing daemon.
         Starting Snap Daemon...

         Starting Pollinate to seed the pseudo random number generator...
[    9.711143] cloud-init[869]:          Starting Virtualbox guest utils...
         Starting Login Service...
[[0;32m  OK  [0m] Started D-Bus System Message Bus.
SHA256:1KlIm5EhWR1kmkbDV2qqpVBIcBenoLM6iLh51fy0Ya8 root@ubuntu-bionic
[    9.725815] cloud-init[869]: The key's randomart image is:
[    9.731784] cloud-init[869]: +---[ECDSA 256]---+
[    9.734698] cloud-init[869]: |..+ +=*o+o.      |
[    9.737199] cloud-init[869]: | + +.=.Boo .     |
[    9.741952] cloud-init[869]: |o . o B.+ o      |
[    9.747375] cloud-init[869]: | o . o O .       |
[    9.751032] cloud-init[869]: |. .  o* S        |
[    9.753882] cloud-init[869]: |=  ..+o +        |
[    9.759040] cloud-init[869]: |*  .o  + +       |
[    9.762059] cloud-init[869]: | +.     o .      |
[    9.763835] cloud-init[869]: |o.      E.       |
[    9.771422] cloud-init[869]: +----[SHA256]-----+
[    9.778909] cloud-init[869]: Generating public/private ed25519 key pair.
[    9.784972] cloud-init[869]: Your identification has been saved in /etc/ssh/ssh_host_ed25519_key.
[    9.789304] cloud-init[869]: Your public key has been saved in /etc/ssh/ssh_host_ed25519_key.pub.
[    9.792499] cloud-init[869]: The key fingerprint is:
[    9.809947] cloud-init[869]: SHA256:wFlPwRB5fUgq+yLTWIGLewEPmEVniYmv5fCJAQpp2xg root@ubuntu-bionic
[    9.814115] cloud-init[869]: The key's randomart image is:
[    9.816594] cloud-init[869]: +--[ED25519 256]--+
[    9.823192] cloud-init[869]: | . oooo.+=o+..   |
[    9.828797] cloud-init[869]: |+E.+o+.+.oo.o .  |         Starting Accounts Service...
         Starting LXD - container startup/shutdown...
[[0;32m  OK  [0m] Started System Logging Service.

[[0;32m  OK  [0m] Started Availability of block devices.
[    9.846187] cloud-init[869]: |+.B.o = o.o  .   |
[[0;32m  OK  [0m] Started Permit User Sessions.
[    9.855314] cloud-init         Starting Terminate Plymouth Boot Screen...
[869]:          Starting Hold until boot process finishes up...
[[0;32m  OK  [0m] Started Hold until boot process finishes up.
|.oo.o= o +       |
[[0;32m  OK  [0m] Started Login Service.
[    9.875383] [[0;32m  OK  [0m] Started Unattended Upgrades Shutdown.
[[0;32m  OK  [0m] Started Serial Getty on ttyS0.
         Starting Set console scheme...
cloud-init[869]: [[0;32m  OK  [0m] Started Terminate Plymouth Boot Screen.
|   O..+ S        |
[    9.892892] cloud-init[869]: |  o +. = .       |
[    9.897052] cloud-init[869]: |    . = o .      |
[    9.902324] cloud-init[869]: |     . o .       |
[    9.906240] cloud-init[869]: |                 |
[    9.910514] cloud-init[869]: +----[SHA256]-----+
[[0;32m  OK  [0m] Started LSB: automatic crash report generation.
[[0;32m  OK  [0m] Started Set console scheme.
[[0;32m  OK  [0m] Created slice system-getty.slice.
[[0;32m  OK  [0m] Started Getty on tty1.
[[0;32m  OK  [0m] Reached target Login Prompts.
[[0;32m  OK  [0m] Started LSB: Record successful boot for GRUB.
[[0;32m  OK  [0m] Started LXD - container startup/shutdown.
         Starting Authorization Manager...
[[0;32m  OK  [0m] Started Authorization Manager.
[[0;32m  OK  [0m] Started Accounts Service.
[[0;32m  OK  [0m] Started Virtualbox guest utils.
[[0;32m  OK  [0m] Started Dispatcher daemon for systemd-networkd.
[[0;32m  OK  [0m] Started Snap Daemon.
         Starting Wait until snapd is fully seeded...
[[0;32m  OK  [0m] Started Pollinate to seed the pseudo random number generator.
         Starting OpenBSD Secure Shell server...
[[0;32m  OK  [0m] Started OpenBSD Secure Shell server.
         Starting Time & Date Service...
[[0;32m  OK  [0m] Started Time & Date Service.
[[0;32m  OK  [0m] Started Wait until snapd is fully seeded.
         Starting Apply the settings specified in cloud-config...
[   12.134022] cloud-init[1370]: Cloud-init v. 23.1.2-0ubuntu0~18.04.1 running 'modules:config' at Wed, 12 Jul 2023 09:53:38 +0000. Up 11.91 seconds.
[[0;32m  OK  [0m] Created slice User Slice of vagrant.
         Starting User Manager for UID 1000...
[[0;32m  OK  [0m] Started Session 1 of user vagrant.
[[0;32m  OK  [0m] Started Apply the settings specified in cloud-config.
[[0;32m  OK  [0m] Reached target Multi-User System.
[[0;32m  OK  [0m] Reached target Graphical Interface.
         Starting Update UTMP about System Runlevel Changes...
         Starting Execute cloud user/final scripts...
[[0;32m  OK  [0m] Started User Manager for UID 1000.
[[0;32m  OK  [0m] Started Update UTMP about System Runlevel Changes.
ci-info: no authorized SSH keys fingerprints found for user ubuntu.
<14>Jul 12 09:53:39 cloud-init: #############################################################
<14>Jul 12 09:53:39 cloud-init: -----BEGIN SSH HOST KEY FINGERPRINTS-----
<14>Jul 12 09:53:39 cloud-init: 1024 SHA256:7fjiKqLh7x0yOT7/NRgmp2bj02QYdYvxOeWWpFsAkTk root@ubuntu-bionic (DSA)
<14>Jul 12 09:53:39 cloud-init: 256 SHA256:1KlIm5EhWR1kmkbDV2qqpVBIcBenoLM6iLh51fy0Ya8 root@ubuntu-bionic (ECDSA)
<14>Jul 12 09:53:39 cloud-init: 256 SHA256:wFlPwRB5fUgq+yLTWIGLewEPmEVniYmv5fCJAQpp2xg root@ubuntu-bionic (ED25519)
<14>Jul 12 09:53:39 cloud-init: 2048 SHA256:Z4PfgMB6EWLIEfd3cozCZ4bfTNUtg1HFm+aQwFMXIf0 root@ubuntu-bionic (RSA)
<14>Jul 12 09:53:39 cloud-init: -----END SSH HOST KEY FINGERPRINTS-----
<14>Jul 12 09:53:39 cloud-init: #############################################################
-----BEGIN SSH HOST KEY KEYS-----
ecdsa-sha2-nistp256 AAAAE2VjZHNhLXNoYTItbmlzdHAyNTYAAAAIbmlzdHAyNTYAAABBBPD0reWUcAtMi3Yhmr5ZN19KjssRcnpZmel4b/nGsTolkWP1fmfOx95bNGj7HdX4/uUyvRdcutcHAnOY2xh90HQ= root@ubuntu-bionic
ssh-ed25519 AAAAC3NzaC1lZDI1NTE5AAAAILNnMtMkC7BgzwkQ3prw1jYWLPPAYiN+D9vhT2m0q/6G root@ubuntu-bionic
ssh-rsa AAAAB3NzaC1yc2EAAAADAQABAAABAQCt14U+EoBH4xwELVtLTyCykJL96ld3cVyq092gRqONzo3s1kDwCX22PkhtYVXvg0USFNFpAcLMMLv5BJ+dVNWNHr4Nm4Ts2fBhERND+ujIv7O387KohA3308ATehAes6w0HRtal7Hom2TuPQX8KDpOZogwigmkFzXAHYKX5G6vdMZYkbRSuzkPUTFIx/D9vXHwRvaS8AnmIyR5KGAZ0UQfNb3IhL10/CmQKeEFSlMdB63t/qJVWRUkZtsvzoGjQKVGcn/Nyh8eIPBlW5SKjy4sHBTijO5CVxiFzbO8drvhEvkq6F6c6JUEoUI3lin2QkkVI1prQnCT1WgBtk9f15Yz root@ubuntu-bionic
-----END SSH HOST KEY KEYS-----
[   12.704201] cloud-init[1450]: Cloud-init v. 23.1.2-0ubuntu0~18.04.1 running 'modules:final' at Wed, 12 Jul 2023 09:53:39 +0000. Up 12.52 seconds.
[   12.710139] cloud-init[1450]: Cloud-init v. 23.1.2-0ubuntu0~18.04.1 finished at Wed, 12 Jul 2023 09:53:39 +0000. Datasource DataSourceNoCloud [seed=/dev/sdb][dsmode=net].  Up 12.69 seconds
[[0;32m  OK  [0m] Started Execute cloud user/final scripts.
[[0;32m  OK  [0m] Reached target Cloud-init target.

Ubuntu 18.04.6 LTS ubuntu-bionic ttyS0

ubuntu-bionic login: 